<?xml version="1.0" encoding="UTF-8"?>
<!-- Generated by org.testng.reporters.JUnitReportReporter -->
<testsuite hostname="yashp" name="training.Dependent" tests="3" failures="0" timestamp="2 Jun 2016 05:14:18 GMT" time="0.013" errors="0">
  <testcase name="signIn" time="0.001" classname="training.Dependent"/>
  <testcase name="openBrowser" time="0.011" classname="training.Dependent"/>
  <testcase name="logOut" time="0.001" classname="training.Dependent"/>
</testsuite> <!-- training.Dependent -->
