<?xml version="1.0" encoding="UTF-8"?>
<!-- Generated by org.testng.reporters.JUnitReportReporter -->
<testsuite hostname="yashp" name="training.TestNGGrouping" tests="5" failures="0" timestamp="13 Sep 2016 08:10:18 GMT" time="0.011" errors="0">
  <testcase name="Scooter1" time="0.000" classname="training.TestNGGrouping"/>
  <testcase name="Car1" time="0.009" classname="training.TestNGGrouping"/>
  <testcase name="Scooter2" time="0.001" classname="training.TestNGGrouping"/>
  <testcase name="Car2" time="0.000" classname="training.TestNGGrouping"/>
  <testcase name="Car3" time="0.001" classname="training.TestNGGrouping"/>
</testsuite> <!-- training.TestNGGrouping -->
