<?xml version="1.0" encoding="UTF-8"?>
<!-- Generated by org.testng.reporters.JUnitReportReporter -->
<testsuite hostname="yashp" name="training.PriorityPractise" tests="3" failures="0" timestamp="2 Jun 2016 09:28:12 GMT" time="0.010" errors="0">
  <testcase name="four" time="0.000" classname="training.PriorityPractise"/>
  <testcase name="One" time="0.009" classname="training.PriorityPractise"/>
  <testcase name="two" time="0.001" classname="training.PriorityPractise"/>
</testsuite> <!-- training.PriorityPractise -->
