<?xml version="1.0" encoding="UTF-8"?>
<!-- Generated by org.testng.reporters.JUnitReportReporter -->
<testsuite hostname="yashp" name="training.Parameterization" tests="1" failures="0" timestamp="20 Oct 2015 13:54:42 GMT" time="10.099" errors="0">
  <testcase name="setUp" time="10.099" classname="training.Parameterization"/>
</testsuite> <!-- training.Parameterization -->
