<?xml version="1.0" encoding="UTF-8"?>
<!-- Generated by org.testng.reporters.JUnitReportReporter -->
<testsuite hostname="yashp" name="training.SecondAssignment" tests="1" failures="0" timestamp="30 Oct 2015 05:37:12 GMT" time="0.017" errors="0">
  <testcase name="testStep1" time="0.017" classname="training.SecondAssignment"/>
</testsuite> <!-- training.SecondAssignment -->
