<?xml version="1.0" encoding="UTF-8"?>
<!-- Generated by org.testng.reporters.JUnitReportReporter -->
<testsuite hostname="yashp" name="training.GroupAnnotation" tests="3" failures="0" timestamp="2 Jun 2016 04:27:01 GMT" time="0.009" errors="0">
  <testcase name="sedan" time="0.001" classname="training.GroupAnnotation"/>
  <testcase name="Car2" time="0.000" classname="training.GroupAnnotation"/>
  <testcase name="Car1" time="0.008" classname="training.GroupAnnotation"/>
</testsuite> <!-- training.GroupAnnotation -->
