<?xml version="1.0" encoding="UTF-8"?>
<!-- Generated by org.testng.reporters.JUnitReportReporter -->
<testsuite hostname="yashp" name="training.FirstAssignment" tests="1" failures="0" timestamp="28 Sep 2015 12:56:19 GMT" time="44.290" errors="0">
  <testcase name="testCase1" time="44.290" classname="training.FirstAssignment"/>
</testsuite> <!-- training.FirstAssignment -->
