<?xml version="1.0" encoding="UTF-8"?>
<!-- Generated by org.testng.reporters.JUnitReportReporter -->
<testsuite hostname="yashp" name="training.DependentTestNG" tests="3" failures="0" timestamp="13 Sep 2016 09:12:22 GMT" time="0.010" errors="0">
  <testcase name="logOut" time="0.001" classname="training.DependentTestNG"/>
  <testcase name="signIn" time="0.001" classname="training.DependentTestNG"/>
  <testcase name="openBrowser" time="0.008" classname="training.DependentTestNG"/>
</testsuite> <!-- training.DependentTestNG -->
