<?xml version="1.0" encoding="UTF-8"?>
<!-- Generated by org.testng.reporters.JUnitReportReporter -->
<testsuite hostname="yashp" name="training.Annotationdemo" tests="2" failures="0" timestamp="2 Jun 2016 04:26:04 GMT" time="0.006" errors="0">
  <testcase name="test" time="0.002" classname="training.Annotationdemo"/>
  <testcase name="f" time="0.004" classname="training.Annotationdemo"/>
</testsuite> <!-- training.Annotationdemo -->
