<?xml version="1.0" encoding="UTF-8"?>
<!-- Generated by org.testng.reporters.JUnitReportReporter -->
<testsuite hostname="yashp" name="training.TestNGHirarchy" tests="1" failures="0" timestamp="13 Sep 2016 05:32:14 GMT" time="0.006" errors="0">
  <testcase name="f" time="0.006" classname="training.TestNGHirarchy"/>
</testsuite> <!-- training.TestNGHirarchy -->
